\BOOKMARK [0][]{sjtuchapter.1.0}{\376\377\142\111\230\165}{}% 1
\BOOKMARK [0][]{sjtuchapter.2.0}{\376\377\123\237\122\033\140\047\130\360\146\016}{}% 2
\BOOKMARK [0][]{sjtuchapter.3.0}{\376\377\162\110\147\103\117\177\165\050\143\210\147\103\116\146}{}% 3
\BOOKMARK [0][]{sjtuchapter.4.0}{\376\377\144\130\211\201}{}% 4
\BOOKMARK [0][]{sjtuchapter.5.0}{\376\377\166\356\137\125}{}% 5
\BOOKMARK [0][]{sjtuchapter.6.0}{\376\377\143\322\126\376\175\042\137\025}{}% 6
\BOOKMARK [0][]{sjtuchapter.7.0}{\376\377\210\150\150\074\175\042\137\025}{}% 7
\BOOKMARK [0][]{sjtuchapter.8.0}{\376\377\173\227\154\325\175\042\137\025}{}% 8
\BOOKMARK [0][]{sjtuchapter.9.0}{\376\377\116\073\211\201\173\046\123\367\133\371\161\147\210\150}{}% 9
\BOOKMARK [0][]{chapter.1}{\376\377\173\054\116\000\172\340\000\040\173\200\116\313}{}% 10
\BOOKMARK [1][-]{section.1.1}{\376\377\0001\000.\0001\000\040\116\214\176\247\150\007\230\230}{chapter.1}% 11
\BOOKMARK [2][-]{subsection.1.1.1}{\376\377\0001\000.\0001\000.\0001\000\040\116\011\176\247\150\007\230\230}{section.1.1}% 12
\BOOKMARK [1][-]{section.1.2}{\376\377\0001\000.\0002\000\040\201\032\154\350}{chapter.1}% 13
\BOOKMARK [1][-]{section.1.3}{\376\377\0001\000.\0003\000\040\133\127\117\123}{chapter.1}% 14
\BOOKMARK [0][]{chapter.2}{\376\377\173\054\116\214\172\340\000\040\155\156\122\250\117\123}{}% 15
\BOOKMARK [1][-]{section.2.1}{\376\377\0002\000.\0001\000\040\143\322\126\376}{chapter.2}% 16
\BOOKMARK [2][-]{subsection.2.1.1}{\376\377\0002\000.\0001\000.\0001\000\040\123\125\116\052\126\376\137\142}{section.2.1}% 17
\BOOKMARK [2][-]{subsection.2.1.2}{\376\377\0002\000.\0001\000.\0002\000\040\131\032\116\052\126\376\137\142}{section.2.1}% 18
\BOOKMARK [1][-]{section.2.2}{\376\377\0002\000.\0002\000\040\210\150\150\074}{chapter.2}% 19
\BOOKMARK [2][-]{subsection.2.2.1}{\376\377\0002\000.\0002\000.\0001\000\040\127\372\147\054\210\150\150\074}{section.2.2}% 20
\BOOKMARK [2][-]{subsection.2.2.2}{\376\377\0002\000.\0002\000.\0002\000\040\131\015\147\102\210\150\150\074}{section.2.2}% 21
\BOOKMARK [1][-]{section.2.3}{\376\377\0002\000.\0003\000\040\173\227\154\325\163\257\130\203}{chapter.2}% 22
\BOOKMARK [1][-]{section.2.4}{\376\377\0002\000.\0004\000\040\116\343\170\001\163\257\130\203}{chapter.2}% 23
\BOOKMARK [0][]{chapter.3}{\376\377\173\054\116\011\172\340\000\040\145\160\133\146\116\016\137\025\165\050\145\207\163\056\166\204\150\007\154\350}{}% 24
\BOOKMARK [1][-]{section.3.1}{\376\377\0003\000.\0001\000\040\145\160\133\146}{chapter.3}% 25
\BOOKMARK [2][-]{subsection.3.1.1}{\376\377\0003\000.\0001\000.\0001\000\040\145\160\133\127\124\214\123\125\117\115}{section.3.1}% 26
\BOOKMARK [2][-]{subsection.3.1.2}{\376\377\0003\000.\0001\000.\0002\000\040\145\160\133\146\173\046\123\367\124\214\121\154\137\017}{section.3.1}% 27
\BOOKMARK [2][-]{subsection.3.1.3}{\376\377\0003\000.\0001\000.\0003\000\040\133\232\164\006\163\257\130\203}{section.3.1}% 28
\BOOKMARK [1][-]{section.3.2}{\376\377\0003\000.\0002\000\040\137\025\165\050\145\207\163\056\166\204\150\007\154\350}{chapter.3}% 29
\BOOKMARK [0][]{section*.27}{\376\377\121\150\145\207\140\073\176\323}{}% 30
\BOOKMARK [0][]{appendix.A}{\376\377\226\104\137\125\000\040\000A\000\040\000M\000a\000x\000w\000e\000l\000l\000\040\000E\000q\000u\000a\000t\000i\000o\000n\000s}{}% 31
\BOOKMARK [0][]{appendix.B}{\376\377\226\104\137\125\000\040\000B\000\040\176\330\122\066\155\101\172\013\126\376}{}% 32
\BOOKMARK [0][]{appendix*.30}{\376\377\123\302\200\003\145\207\163\056}{}% 33
\BOOKMARK [0][]{section*.31}{\376\377\201\364\214\042}{}% 34
\BOOKMARK [0][]{section*.33}{\376\377\145\073\213\373\133\146\117\115\147\037\225\364\123\321\210\150\377\010\142\026\137\125\165\050\377\011\166\204\133\146\147\057\213\272\145\207}{}% 35
\BOOKMARK [0][]{section*.35}{\376\377\145\073\213\373\133\146\117\115\147\037\225\364\203\267\137\227\166\204\171\321\170\024\142\020\147\234}{}% 36
\BOOKMARK [0][]{section*.37}{\376\377\116\052\116\272\173\200\123\206}{}% 37
